
> temp-app@0.1.0 start
> next start

  ▲ Next.js 14.2.35
  - Local:        http://localhost:3000

 ✓ Starting...
 ✓ Ready in 928ms
 ⨯ Error: Cannot find module '/app/.next/server/pages/_error.js'
Require stack:
- /app/node_modules/next/dist/server/require.js
- /app/node_modules/next/dist/server/next-server.js
- /app/node_modules/next/dist/server/next.js
- /app/node_modules/next/dist/server/lib/start-server.js
- /app/node_modules/next/dist/cli/next-start.js
    at Function.<anonymous> (node:internal/modules/cjs/loader:1383:15)
    at /app/node_modules/next/dist/server/require-hook.js:55:36
    at defaultResolveImpl (node:internal/modules/cjs/loader:1025:19)
    at resolveForCJSWithHooks (node:internal/modules/cjs/loader:1030:22)
    at Function._load (node:internal/modules/cjs/loader:1192:37)
    at TracingChannel.traceSync (node:diagnostics_channel:328:14)
    at wrapModuleLoad (node:internal/modules/cjs/loader:237:24)
    at Module.<anonymous> (node:internal/modules/cjs/loader:1463:12)
    at mod.require (/app/node_modules/next/dist/server/require-hook.js:65:28)
    at require (node:internal/modules/helpers:147:16) {
  code: 'MODULE_NOT_FOUND',
  requireStack: [
    '/app/node_modules/next/dist/server/require.js',
    '/app/node_modules/next/dist/server/next-server.js',
    '/app/node_modules/next/dist/server/next.js',
    '/app/node_modules/next/dist/server/lib/start-server.js',
    '/app/node_modules/next/dist/cli/next-start.js'
  ]
}
 ⨯ Error: Cannot find module '/app/.next/server/pages/_error.js'
Require stack:
- /app/node_modules/next/dist/server/require.js
- /app/node_modules/next/dist/server/next-server.js
- /app/node_modules/next/dist/server/next.js
- /app/node_modules/next/dist/server/lib/start-server.js
- /app/node_modules/next/dist/cli/next-start.js
    at Function.<anonymous> (node:internal/modules/cjs/loader:1383:15)
    at /app/node_modules/next/dist/server/require-hook.js:55:36
    at defaultResolveImpl (node:internal/modules/cjs/loader:1025:19)
    at resolveForCJSWithHooks (node:internal/modules/cjs/loader:1030:22)
    at Function._load (node:internal/modules/cjs/loader:1192:37)
    at TracingChannel.traceSync (node:diagnostics_channel:328:14)
    at wrapModuleLoad (node:internal/modules/cjs/loader:237:24)
    at Module.<anonymous> (node:internal/modules/cjs/loader:1463:12)
    at mod.require (/app/node_modules/next/dist/server/require-hook.js:65:28)
    at require (node:internal/modules/helpers:147:16) {
  code: 'MODULE_NOT_FOUND',
  requireStack: [
    '/app/node_modules/next/dist/server/require.js',
    '/app/node_modules/next/dist/server/next-server.js',
    '/app/node_modules/next/dist/server/next.js',
    '/app/node_modules/next/dist/server/lib/start-server.js',
    '/app/node_modules/next/dist/cli/next-start.js'
  ]
}
 ⨯ Error: Cannot find module '/app/.next/server/pages/_error.js'
Require stack:
- /app/node_modules/next/dist/server/require.js
- /app/node_modules/next/dist/server/next-server.js
- /app/node_modules/next/dist/server/next.js
- /app/node_modules/next/dist/server/lib/start-server.js
- /app/node_modules/next/dist/cli/next-start.js
    at Function.<anonymous> (node:internal/modules/cjs/loader:1383:15)
    at /app/node_modules/next/dist/server/require-hook.js:55:36
    at defaultResolveImpl (node:internal/modules/cjs/loader:1025:19)
    at resolveForCJSWithHooks (node:internal/modules/cjs/loader:1030:22)
    at Function._load (node:internal/modules/cjs/loader:1192:37)
    at TracingChannel.traceSync (node:diagnostics_channel:328:14)
    at wrapModuleLoad (node:internal/modules/cjs/loader:237:24)
    at Module.<anonymous> (node:internal/modules/cjs/loader:1463:12)
    at mod.require (/app/node_modules/next/dist/server/require-hook.js:65:28)
    at require (node:internal/modules/helpers:147:16) {
  code: 'MODULE_NOT_FOUND',
  requireStack: [
    '/app/node_modules/next/dist/server/require.js',
    '/app/node_modules/next/dist/server/next-server.js',
    '/app/node_modules/next/dist/server/next.js',
    '/app/node_modules/next/dist/server/lib/start-server.js',
    '/app/node_modules/next/dist/cli/next-start.js'
  ]
}
 ⨯ Error: Cannot find module '/app/.next/server/pages/_error.js'
Require stack:
- /app/node_modules/next/dist/server/require.js
- /app/node_modules/next/dist/server/next-server.js
- /app/node_modules/next/dist/server/next.js
- /app/node_modules/next/dist/server/lib/start-server.js
- /app/node_modules/next/dist/cli/next-start.js
    at Function.<anonymous> (node:internal/modules/cjs/loader:1383:15)
    at /app/node_modules/next/dist/server/require-hook.js:55:36
    at defaultResolveImpl (node:internal/modules/cjs/loader:1025:19)
    at resolveForCJSWithHooks (node:internal/modules/cjs/loader:1030:22)
    at Function._load (node:internal/modules/cjs/loader:1192:37)
    at TracingChannel.traceSync (node:diagnostics_channel:328:14)
    at wrapModuleLoad (node:internal/modules/cjs/loader:237:24)
    at Module.<anonymous> (node:internal/modules/cjs/loader:1463:12)
    at mod.require (/app/node_modules/next/dist/server/require-hook.js:65:28)
    at require (node:internal/modules/helpers:147:16) {
  code: 'MODULE_NOT_FOUND',
  requireStack: [
    '/app/node_modules/next/dist/server/require.js',
    '/app/node_modules/next/dist/server/next-server.js',
    '/app/node_modules/next/dist/server/next.js',
    '/app/node_modules/next/dist/server/lib/start-server.js',
    '/app/node_modules/next/dist/cli/next-start.js'
  ]
}
 ⨯ Error: Cannot find module '/app/.next/server/pages/_error.js'
Require stack:
- /app/node_modules/next/dist/server/require.js
- /app/node_modules/next/dist/server/next-server.js
- /app/node_modules/next/dist/server/next.js
- /app/node_modules/next/dist/server/lib/start-server.js
- /app/node_modules/next/dist/cli/next-start.js
    at Function.<anonymous> (node:internal/modules/cjs/loader:1383:15)
    at /app/node_modules/next/dist/server/require-hook.js:55:36
    at defaultResolveImpl (node:internal/modules/cjs/loader:1025:19)
    at resolveForCJSWithHooks (node:internal/modules/cjs/loader:1030:22)
    at Function._load (node:internal/modules/cjs/loader:1192:37)
    at TracingChannel.traceSync (node:diagnostics_channel:328:14)
    at wrapModuleLoad (node:internal/modules/cjs/loader:237:24)
    at Module.<anonymous> (node:internal/modules/cjs/loader:1463:12)
    at mod.require (/app/node_modules/next/dist/server/require-hook.js:65:28)
    at require (node:internal/modules/helpers:147:16) {
  code: 'MODULE_NOT_FOUND',
  requireStack: [
    '/app/node_modules/next/dist/server/require.js',
    '/app/node_modules/next/dist/server/next-server.js',
    '/app/node_modules/next/dist/server/next.js',
    '/app/node_modules/next/dist/server/lib/start-server.js',
    '/app/node_modules/next/dist/cli/next-start.js'
  ]
}
 ⨯ Error: Cannot find module '/app/.next/server/pages/_error.js'
Require stack:
- /app/node_modules/next/dist/server/require.js
- /app/node_modules/next/dist/server/next-server.js
- /app/node_modules/next/dist/server/next.js
- /app/node_modules/next/dist/server/lib/start-server.js
- /app/node_modules/next/dist/cli/next-start.js
    at Function.<anonymous> (node:internal/modules/cjs/loader:1383:15)
    at /app/node_modules/next/dist/server/require-hook.js:55:36
    at defaultResolveImpl (node:internal/modules/cjs/loader:1025:19)
    at resolveForCJSWithHooks (node:internal/modules/cjs/loader:1030:22)
    at Function._load (node:internal/modules/cjs/loader:1192:37)
    at TracingChannel.traceSync (node:diagnostics_channel:328:14)
    at wrapModuleLoad (node:internal/modules/cjs/loader:237:24)
    at Module.<anonymous> (node:internal/modules/cjs/loader:1463:12)
    at mod.require (/app/node_modules/next/dist/server/require-hook.js:65:28)
    at require (node:internal/modules/helpers:147:16) {
  code: 'MODULE_NOT_FOUND',
  requireStack: [
    '/app/node_modules/next/dist/server/require.js',
    '/app/node_modules/next/dist/server/next-server.js',
    '/app/node_modules/next/dist/server/next.js',
    '/app/node_modules/next/dist/server/lib/start-server.js',
    '/app/node_modules/next/dist/cli/next-start.js'
  ]
}
 ⨯ Error: Cannot find module '/app/.next/server/pages/_error.js'
Require stack:
- /app/node_modules/next/dist/server/require.js
- /app/node_modules/next/dist/server/next-server.js
- /app/node_modules/next/dist/server/next.js
- /app/node_modules/next/dist/server/lib/start-server.js
- /app/node_modules/next/dist/cli/next-start.js
    at Function.<anonymous> (node:internal/modules/cjs/loader:1383:15)
    at /app/node_modules/next/dist/server/require-hook.js:55:36
    at defaultResolveImpl (node:internal/modules/cjs/loader:1025:19)
    at resolveForCJSWithHooks (node:internal/modules/cjs/loader:1030:22)
    at Function._load (node:internal/modules/cjs/loader:1192:37)
    at TracingChannel.traceSync (node:diagnostics_channel:328:14)
    at wrapModuleLoad (node:internal/modules/cjs/loader:237:24)
    at Module.<anonymous> (node:internal/modules/cjs/loader:1463:12)
    at mod.require (/app/node_modules/next/dist/server/require-hook.js:65:28)
    at require (node:internal/modules/helpers:147:16) {
  code: 'MODULE_NOT_FOUND',
  requireStack: [
    '/app/node_modules/next/dist/server/require.js',
    '/app/node_modules/next/dist/server/next-server.js',
    '/app/node_modules/next/dist/server/next.js',
    '/app/node_modules/next/dist/server/lib/start-server.js',
    '/app/node_modules/next/dist/cli/next-start.js'
  ]
}
 ⨯ Error: Cannot find module '/app/.next/server/pages/_error.js'
Require stack:
- /app/node_modules/next/dist/server/require.js
- /app/node_modules/next/dist/server/next-server.js
- /app/node_modules/next/dist/server/next.js
- /app/node_modules/next/dist/server/lib/start-server.js
- /app/node_modules/next/dist/cli/next-start.js
    at Function.<anonymous> (node:internal/modules/cjs/loader:1383:15)
    at /app/node_modules/next/dist/server/require-hook.js:55:36
    at defaultResolveImpl (node:internal/modules/cjs/loader:1025:19)
    at resolveForCJSWithHooks (node:internal/modules/cjs/loader:1030:22)
    at Function._load (node:internal/modules/cjs/loader:1192:37)
    at TracingChannel.traceSync (node:diagnostics_channel:328:14)
    at wrapModuleLoad (node:internal/modules/cjs/loader:237:24)
    at Module.<anonymous> (node:internal/modules/cjs/loader:1463:12)
    at mod.require (/app/node_modules/next/dist/server/require-hook.js:65:28)
    at require (node:internal/modules/helpers:147:16) {
  code: 'MODULE_NOT_FOUND',
  requireStack: [
    '/app/node_modules/next/dist/server/require.js',
    '/app/node_modules/next/dist/server/next-server.js',
    '/app/node_modules/next/dist/server/next.js',
    '/app/node_modules/next/dist/server/lib/start-server.js',
    '/app/node_modules/next/dist/cli/next-start.js'
  ]
}
 ⨯ Error: Cannot find module '/app/.next/server/pages/_error.js'
Require stack:
- /app/node_modules/next/dist/server/require.js
- /app/node_modules/next/dist/server/next-server.js
- /app/node_modules/next/dist/server/next.js
- /app/node_modules/next/dist/server/lib/start-server.js
- /app/node_modules/next/dist/cli/next-start.js
    at Function.<anonymous> (node:internal/modules/cjs/loader:1383:15)
    at /app/node_modules/next/dist/server/require-hook.js:55:36
    at defaultResolveImpl (node:internal/modules/cjs/loader:1025:19)
    at resolveForCJSWithHooks (node:internal/modules/cjs/loader:1030:22)
    at Function._load (node:internal/modules/cjs/loader:1192:37)
    at TracingChannel.traceSync (node:diagnostics_channel:328:14)
    at wrapModuleLoad (node:internal/modules/cjs/loader:237:24)
    at Module.<anonymous> (node:internal/modules/cjs/loader:1463:12)
    at mod.require (/app/node_modules/next/dist/server/require-hook.js:65:28)
    at require (node:internal/modules/helpers:147:16) {
  code: 'MODULE_NOT_FOUND',
  requireStack: [
    '/app/node_modules/next/dist/server/require.js',
    '/app/node_modules/next/dist/server/next-server.js',
    '/app/node_modules/next/dist/server/next.js',
    '/app/node_modules/next/dist/server/lib/start-server.js',
    '/app/node_modules/next/dist/cli/next-start.js'
  ]
}
 ⨯ Error: Cannot find module '/app/.next/server/pages/_error.js'
Require stack:
- /app/node_modules/next/dist/server/require.js
- /app/node_modules/next/dist/server/next-server.js
- /app/node_modules/next/dist/server/next.js
- /app/node_modules/next/dist/server/lib/start-server.js
- /app/node_modules/next/dist/cli/next-start.js
    at Function.<anonymous> (node:internal/modules/cjs/loader:1383:15)
    at /app/node_modules/next/dist/server/require-hook.js:55:36
    at defaultResolveImpl (node:internal/modules/cjs/loader:1025:19)
    at resolveForCJSWithHooks (node:internal/modules/cjs/loader:1030:22)
    at Function._load (node:internal/modules/cjs/loader:1192:37)
    at TracingChannel.traceSync (node:diagnostics_channel:328:14)
    at wrapModuleLoad (node:internal/modules/cjs/loader:237:24)
    at Module.<anonymous> (node:internal/modules/cjs/loader:1463:12)
    at mod.require (/app/node_modules/next/dist/server/require-hook.js:65:28)
    at require (node:internal/modules/helpers:147:16) {
  code: 'MODULE_NOT_FOUND',
  requireStack: [
    '/app/node_modules/next/dist/server/require.js',
    '/app/node_modules/next/dist/server/next-server.js',
    '/app/node_modules/next/dist/server/next.js',
    '/app/node_modules/next/dist/server/lib/start-server.js',
    '/app/node_modules/next/dist/cli/next-start.js'
  ]
}
 ⨯ Error: Cannot find module '/app/.next/server/pages/_error.js'
Require stack:
- /app/node_modules/next/dist/server/require.js
- /app/node_modules/next/dist/server/next-server.js
- /app/node_modules/next/dist/server/next.js
- /app/node_modules/next/dist/server/lib/start-server.js
- /app/node_modules/next/dist/cli/next-start.js
    at Function.<anonymous> (node:internal/modules/cjs/loader:1383:15)
    at /app/node_modules/next/dist/server/require-hook.js:55:36
    at defaultResolveImpl (node:internal/modules/cjs/loader:1025:19)
    at resolveForCJSWithHooks (node:internal/modules/cjs/loader:1030:22)
    at Function._load (node:internal/modules/cjs/loader:1192:37)
    at TracingChannel.traceSync (node:diagnostics_channel:328:14)
    at wrapModuleLoad (node:internal/modules/cjs/loader:237:24)
    at Module.<anonymous> (node:internal/modules/cjs/loader:1463:12)
    at mod.require (/app/node_modules/next/dist/server/require-hook.js:65:28)
    at require (node:internal/modules/helpers:147:16) {
  code: 'MODULE_NOT_FOUND',
  requireStack: [
    '/app/node_modules/next/dist/server/require.js',
    '/app/node_modules/next/dist/server/next-server.js',
    '/app/node_modules/next/dist/server/next.js',
    '/app/node_modules/next/dist/server/lib/start-server.js',
    '/app/node_modules/next/dist/cli/next-start.js'
  ]
}
 ⨯ Error: Cannot find module '/app/.next/server/pages/_error.js'
Require stack:
- /app/node_modules/next/dist/server/require.js
- /app/node_modules/next/dist/server/next-server.js
- /app/node_modules/next/dist/server/next.js
- /app/node_modules/next/dist/server/lib/start-server.js
- /app/node_modules/next/dist/cli/next-start.js
    at Function.<anonymous> (node:internal/modules/cjs/loader:1383:15)
    at /app/node_modules/next/dist/server/require-hook.js:55:36
    at defaultResolveImpl (node:internal/modules/cjs/loader:1025:19)
    at resolveForCJSWithHooks (node:internal/modules/cjs/loader:1030:22)
    at Function._load (node:internal/modules/cjs/loader:1192:37)
    at TracingChannel.traceSync (node:diagnostics_channel:328:14)
    at wrapModuleLoad (node:internal/modules/cjs/loader:237:24)
    at Module.<anonymous> (node:internal/modules/cjs/loader:1463:12)
    at mod.require (/app/node_modules/next/dist/server/require-hook.js:65:28)
    at require (node:internal/modules/helpers:147:16) {
  code: 'MODULE_NOT_FOUND',
  requireStack: [
    '/app/node_modules/next/dist/server/require.js',
    '/app/node_modules/next/dist/server/next-server.js',
    '/app/node_modules/next/dist/server/next.js',
    '/app/node_modules/next/dist/server/lib/start-server.js',
    '/app/node_modules/next/dist/cli/next-start.js'
  ]
}
 ⨯ Error: Cannot find module '/app/.next/server/pages/_error.js'
Require stack:
- /app/node_modules/next/dist/server/require.js
- /app/node_modules/next/dist/server/next-server.js
- /app/node_modules/next/dist/server/next.js
- /app/node_modules/next/dist/server/lib/start-server.js
- /app/node_modules/next/dist/cli/next-start.js
    at Function.<anonymous> (node:internal/modules/cjs/loader:1383:15)
    at /app/node_modules/next/dist/server/require-hook.js:55:36
    at defaultResolveImpl (node:internal/modules/cjs/loader:1025:19)
    at resolveForCJSWithHooks (node:internal/modules/cjs/loader:1030:22)
    at Function._load (node:internal/modules/cjs/loader:1192:37)
    at TracingChannel.traceSync (node:diagnostics_channel:328:14)
    at wrapModuleLoad (node:internal/modules/cjs/loader:237:24)
    at Module.<anonymous> (node:internal/modules/cjs/loader:1463:12)
    at mod.require (/app/node_modules/next/dist/server/require-hook.js:65:28)
    at require (node:internal/modules/helpers:147:16) {
  code: 'MODULE_NOT_FOUND',
  requireStack: [
    '/app/node_modules/next/dist/server/require.js',
    '/app/node_modules/next/dist/server/next-server.js',
    '/app/node_modules/next/dist/server/next.js',
    '/app/node_modules/next/dist/server/lib/start-server.js',
    '/app/node_modules/next/dist/cli/next-start.js'
  ]
}
 ⨯ Error: Cannot find module '/app/.next/server/pages/_error.js'
Require stack:
- /app/node_modules/next/dist/server/require.js
- /app/node_modules/next/dist/server/next-server.js
- /app/node_modules/next/dist/server/next.js
- /app/node_modules/next/dist/server/lib/start-server.js
- /app/node_modules/next/dist/cli/next-start.js
    at Function.<anonymous> (node:internal/modules/cjs/loader:1383:15)
    at /app/node_modules/next/dist/server/require-hook.js:55:36
    at defaultResolveImpl (node:internal/modules/cjs/loader:1025:19)
    at resolveForCJSWithHooks (node:internal/modules/cjs/loader:1030:22)
    at Function._load (node:internal/modules/cjs/loader:1192:37)
    at TracingChannel.traceSync (node:diagnostics_channel:328:14)
    at wrapModuleLoad (node:internal/modules/cjs/loader:237:24)
    at Module.<anonymous> (node:internal/modules/cjs/loader:1463:12)
    at mod.require (/app/node_modules/next/dist/server/require-hook.js:65:28)
    at require (node:internal/modules/helpers:147:16) {
  code: 'MODULE_NOT_FOUND',
  requireStack: [
    '/app/node_modules/next/dist/server/require.js',
    '/app/node_modules/next/dist/server/next-server.js',
    '/app/node_modules/next/dist/server/next.js',
    '/app/node_modules/next/dist/server/lib/start-server.js',
    '/app/node_modules/next/dist/cli/next-start.js'
  ]
}
 ⨯ Error: Cannot find module '/app/.next/server/pages/_error.js'
Require stack:
- /app/node_modules/next/dist/server/require.js
- /app/node_modules/next/dist/server/next-server.js
- /app/node_modules/next/dist/server/next.js
- /app/node_modules/next/dist/server/lib/start-server.js
- /app/node_modules/next/dist/cli/next-start.js
    at Function.<anonymous> (node:internal/modules/cjs/loader:1383:15)
    at /app/node_modules/next/dist/server/require-hook.js:55:36
    at defaultResolveImpl (node:internal/modules/cjs/loader:1025:19)
    at resolveForCJSWithHooks (node:internal/modules/cjs/loader:1030:22)
    at Function._load (node:internal/modules/cjs/loader:1192:37)
    at TracingChannel.traceSync (node:diagnostics_channel:328:14)
    at wrapModuleLoad (node:internal/modules/cjs/loader:237:24)
    at Module.<anonymous> (node:internal/modules/cjs/loader:1463:12)
    at mod.require (/app/node_modules/next/dist/server/require-hook.js:65:28)
    at require (node:internal/modules/helpers:147:16) {
  code: 'MODULE_NOT_FOUND',
  requireStack: [
    '/app/node_modules/next/dist/server/require.js',
    '/app/node_modules/next/dist/server/next-server.js',
    '/app/node_modules/next/dist/server/next.js',
    '/app/node_modules/next/dist/server/lib/start-server.js',
    '/app/node_modules/next/dist/cli/next-start.js'
  ]
}
 ⨯ Error: Cannot find module '/app/.next/server/pages/_error.js'
Require stack:
- /app/node_modules/next/dist/server/require.js
- /app/node_modules/next/dist/server/next-server.js
- /app/node_modules/next/dist/server/next.js
- /app/node_modules/next/dist/server/lib/start-server.js
- /app/node_modules/next/dist/cli/next-start.js
    at Function.<anonymous> (node:internal/modules/cjs/loader:1383:15)
    at /app/node_modules/next/dist/server/require-hook.js:55:36
    at defaultResolveImpl (node:internal/modules/cjs/loader:1025:19)
    at resolveForCJSWithHooks (node:internal/modules/cjs/loader:1030:22)
    at Function._load (node:internal/modules/cjs/loader:1192:37)
    at TracingChannel.traceSync (node:diagnostics_channel:328:14)
    at wrapModuleLoad (node:internal/modules/cjs/loader:237:24)
    at Module.<anonymous> (node:internal/modules/cjs/loader:1463:12)
    at mod.require (/app/node_modules/next/dist/server/require-hook.js:65:28)
    at require (node:internal/modules/helpers:147:16) {
  code: 'MODULE_NOT_FOUND',
  requireStack: [
    '/app/node_modules/next/dist/server/require.js',
    '/app/node_modules/next/dist/server/next-server.js',
    '/app/node_modules/next/dist/server/next.js',
    '/app/node_modules/next/dist/server/lib/start-server.js',
    '/app/node_modules/next/dist/cli/next-start.js'
  ]
}
 ⨯ Error: Cannot find module '/app/.next/server/pages/_error.js'
Require stack:
- /app/node_modules/next/dist/server/require.js
- /app/node_modules/next/dist/server/next-server.js
- /app/node_modules/next/dist/server/next.js
- /app/node_modules/next/dist/server/lib/start-server.js
- /app/node_modules/next/dist/cli/next-start.js
    at Function.<anonymous> (node:internal/modules/cjs/loader:1383:15)
    at /app/node_modules/next/dist/server/require-hook.js:55:36
    at defaultResolveImpl (node:internal/modules/cjs/loader:1025:19)
    at resolveForCJSWithHooks (node:internal/modules/cjs/loader:1030:22)
    at Function._load (node:internal/modules/cjs/loader:1192:37)
    at TracingChannel.traceSync (node:diagnostics_channel:328:14)
    at wrapModuleLoad (node:internal/modules/cjs/loader:237:24)
    at Module.<anonymous> (node:internal/modules/cjs/loader:1463:12)
    at mod.require (/app/node_modules/next/dist/server/require-hook.js:65:28)
    at require (node:internal/modules/helpers:147:16) {
  code: 'MODULE_NOT_FOUND',
  requireStack: [
    '/app/node_modules/next/dist/server/require.js',
    '/app/node_modules/next/dist/server/next-server.js',
    '/app/node_modules/next/dist/server/next.js',
    '/app/node_modules/next/dist/server/lib/start-server.js',
    '/app/node_modules/next/dist/cli/next-start.js'
  ]
}
 ⨯ Error: Cannot find module '/app/.next/server/pages/_error.js'
Require stack:
- /app/node_modules/next/dist/server/require.js
- /app/node_modules/next/dist/server/next-server.js
- /app/node_modules/next/dist/server/next.js
- /app/node_modules/next/dist/server/lib/start-server.js
- /app/node_modules/next/dist/cli/next-start.js
    at Function.<anonymous> (node:internal/modules/cjs/loader:1383:15)
    at /app/node_modules/next/dist/server/require-hook.js:55:36
    at defaultResolveImpl (node:internal/modules/cjs/loader:1025:19)
    at resolveForCJSWithHooks (node:internal/modules/cjs/loader:1030:22)
    at Function._load (node:internal/modules/cjs/loader:1192:37)
    at TracingChannel.traceSync (node:diagnostics_channel:328:14)
    at wrapModuleLoad (node:internal/modules/cjs/loader:237:24)
    at Module.<anonymous> (node:internal/modules/cjs/loader:1463:12)
    at mod.require (/app/node_modules/next/dist/server/require-hook.js:65:28)
    at require (node:internal/modules/helpers:147:16) {
  code: 'MODULE_NOT_FOUND',
  requireStack: [
    '/app/node_modules/next/dist/server/require.js',
    '/app/node_modules/next/dist/server/next-server.js',
    '/app/node_modules/next/dist/server/next.js',
    '/app/node_modules/next/dist/server/lib/start-server.js',
    '/app/node_modules/next/dist/cli/next-start.js'
  ]
}
 ⨯ Error: Cannot find module '/app/.next/server/pages/_error.js'
Require stack:
- /app/node_modules/next/dist/server/require.js
- /app/node_modules/next/dist/server/next-server.js
- /app/node_modules/next/dist/server/next.js
- /app/node_modules/next/dist/server/lib/start-server.js
- /app/node_modules/next/dist/cli/next-start.js
    at Function.<anonymous> (node:internal/modules/cjs/loader:1383:15)
    at /app/node_modules/next/dist/server/require-hook.js:55:36
    at defaultResolveImpl (node:internal/modules/cjs/loader:1025:19)
    at resolveForCJSWithHooks (node:internal/modules/cjs/loader:1030:22)
    at Function._load (node:internal/modules/cjs/loader:1192:37)
    at TracingChannel.traceSync (node:diagnostics_channel:328:14)
    at wrapModuleLoad (node:internal/modules/cjs/loader:237:24)
    at Module.<anonymous> (node:internal/modules/cjs/loader:1463:12)
    at mod.require (/app/node_modules/next/dist/server/require-hook.js:65:28)
    at require (node:internal/modules/helpers:147:16) {
  code: 'MODULE_NOT_FOUND',
  requireStack: [
    '/app/node_modules/next/dist/server/require.js',
    '/app/node_modules/next/dist/server/next-server.js',
    '/app/node_modules/next/dist/server/next.js',
    '/app/node_modules/next/dist/server/lib/start-server.js',
    '/app/node_modules/next/dist/cli/next-start.js'
  ]
}
 ⨯ Error: Cannot find module '/app/.next/server/pages/_error.js'
Require stack:
- /app/node_modules/next/dist/server/require.js
- /app/node_modules/next/dist/server/next-server.js
- /app/node_modules/next/dist/server/next.js
- /app/node_modules/next/dist/server/lib/start-server.js
- /app/node_modules/next/dist/cli/next-start.js
    at Function.<anonymous> (node:internal/modules/cjs/loader:1383:15)
    at /app/node_modules/next/dist/server/require-hook.js:55:36
    at defaultResolveImpl (node:internal/modules/cjs/loader:1025:19)
    at resolveForCJSWithHooks (node:internal/modules/cjs/loader:1030:22)
    at Function._load (node:internal/modules/cjs/loader:1192:37)
    at TracingChannel.traceSync (node:diagnostics_channel:328:14)
    at wrapModuleLoad (node:internal/modules/cjs/loader:237:24)
    at Module.<anonymous> (node:internal/modules/cjs/loader:1463:12)
    at mod.require (/app/node_modules/next/dist/server/require-hook.js:65:28)
    at require (node:internal/modules/helpers:147:16) {
  code: 'MODULE_NOT_FOUND',
  requireStack: [
    '/app/node_modules/next/dist/server/require.js',
    '/app/node_modules/next/dist/server/next-server.js',
    '/app/node_modules/next/dist/server/next.js',
    '/app/node_modules/next/dist/server/lib/start-server.js',
    '/app/node_modules/next/dist/cli/next-start.js'
  ]
}
 ⨯ Error: Cannot find module '/app/.next/server/app/_not-found/page.js'
Require stack:
- /app/node_modules/next/dist/server/require.js
- /app/node_modules/next/dist/server/next-server.js
- /app/node_modules/next/dist/server/next.js
- /app/node_modules/next/dist/server/lib/start-server.js
- /app/node_modules/next/dist/cli/next-start.js
    at Function.<anonymous> (node:internal/modules/cjs/loader:1383:15)
    at /app/node_modules/next/dist/server/require-hook.js:55:36
    at defaultResolveImpl (node:internal/modules/cjs/loader:1025:19)
    at resolveForCJSWithHooks (node:internal/modules/cjs/loader:1030:22)
    at Function._load (node:internal/modules/cjs/loader:1192:37)
    at TracingChannel.traceSync (node:diagnostics_channel:328:14)
    at wrapModuleLoad (node:internal/modules/cjs/loader:237:24)
    at Module.<anonymous> (node:internal/modules/cjs/loader:1463:12)
    at mod.require (/app/node_modules/next/dist/server/require-hook.js:65:28)
    at require (node:internal/modules/helpers:147:16) {
  code: 'MODULE_NOT_FOUND',
  requireStack: [
    '/app/node_modules/next/dist/server/require.js',
    '/app/node_modules/next/dist/server/next-server.js',
    '/app/node_modules/next/dist/server/next.js',
    '/app/node_modules/next/dist/server/lib/start-server.js',
    '/app/node_modules/next/dist/cli/next-start.js'
  ]
}
 ⨯ Error: Cannot find module '/app/.next/server/pages/_error.js'
Require stack:
- /app/node_modules/next/dist/server/require.js
- /app/node_modules/next/dist/server/next-server.js
- /app/node_modules/next/dist/server/next.js
- /app/node_modules/next/dist/server/lib/start-server.js
- /app/node_modules/next/dist/cli/next-start.js
    at Function.<anonymous> (node:internal/modules/cjs/loader:1383:15)
    at /app/node_modules/next/dist/server/require-hook.js:55:36
    at defaultResolveImpl (node:internal/modules/cjs/loader:1025:19)
    at resolveForCJSWithHooks (node:internal/modules/cjs/loader:1030:22)
    at Function._load (node:internal/modules/cjs/loader:1192:37)
    at TracingChannel.traceSync (node:diagnostics_channel:328:14)
    at wrapModuleLoad (node:internal/modules/cjs/loader:237:24)
    at Module.<anonymous> (node:internal/modules/cjs/loader:1463:12)
    at mod.require (/app/node_modules/next/dist/server/require-hook.js:65:28)
    at require (node:internal/modules/helpers:147:16) {
  code: 'MODULE_NOT_FOUND',
  requireStack: [
    '/app/node_modules/next/dist/server/require.js',
    '/app/node_modules/next/dist/server/next-server.js',
    '/app/node_modules/next/dist/server/next.js',
    '/app/node_modules/next/dist/server/lib/start-server.js',
    '/app/node_modules/next/dist/cli/next-start.js'
  ]
}
 ⨯ Error: Cannot find module '/app/.next/server/pages/_error.js'
Require stack:
- /app/node_modules/next/dist/server/require.js
- /app/node_modules/next/dist/server/next-server.js
- /app/node_modules/next/dist/server/next.js
- /app/node_modules/next/dist/server/lib/start-server.js
- /app/node_modules/next/dist/cli/next-start.js
    at Function.<anonymous> (node:internal/modules/cjs/loader:1383:15)
    at /app/node_modules/next/dist/server/require-hook.js:55:36
    at defaultResolveImpl (node:internal/modules/cjs/loader:1025:19)
    at resolveForCJSWithHooks (node:internal/modules/cjs/loader:1030:22)
    at Function._load (node:internal/modules/cjs/loader:1192:37)
    at TracingChannel.traceSync (node:diagnostics_channel:328:14)
    at wrapModuleLoad (node:internal/modules/cjs/loader:237:24)
    at Module.<anonymous> (node:internal/modules/cjs/loader:1463:12)
    at mod.require (/app/node_modules/next/dist/server/require-hook.js:65:28)
    at require (node:internal/modules/helpers:147:16) {
  code: 'MODULE_NOT_FOUND',
  requireStack: [
    '/app/node_modules/next/dist/server/require.js',
    '/app/node_modules/next/dist/server/next-server.js',
    '/app/node_modules/next/dist/server/next.js',
    '/app/node_modules/next/dist/server/lib/start-server.js',
    '/app/node_modules/next/dist/cli/next-start.js'
  ]
}
 ⨯ Error: Cannot find module '/app/.next/server/pages/_error.js'
Require stack:
- /app/node_modules/next/dist/server/require.js
- /app/node_modules/next/dist/server/next-server.js
- /app/node_modules/next/dist/server/next.js
- /app/node_modules/next/dist/server/lib/start-server.js
- /app/node_modules/next/dist/cli/next-start.js
    at Function.<anonymous> (node:internal/modules/cjs/loader:1383:15)
    at /app/node_modules/next/dist/server/require-hook.js:55:36
    at defaultResolveImpl (node:internal/modules/cjs/loader:1025:19)
    at resolveForCJSWithHooks (node:internal/modules/cjs/loader:1030:22)
    at Function._load (node:internal/modules/cjs/loader:1192:37)
    at TracingChannel.traceSync (node:diagnostics_channel:328:14)
    at wrapModuleLoad (node:internal/modules/cjs/loader:237:24)
    at Module.<anonymous> (node:internal/modules/cjs/loader:1463:12)
    at mod.require (/app/node_modules/next/dist/server/require-hook.js:65:28)
    at require (node:internal/modules/helpers:147:16) {
  code: 'MODULE_NOT_FOUND',
  requireStack: [
    '/app/node_modules/next/dist/server/require.js',
    '/app/node_modules/next/dist/server/next-server.js',
    '/app/node_modules/next/dist/server/next.js',
    '/app/node_modules/next/dist/server/lib/start-server.js',
    '/app/node_modules/next/dist/cli/next-start.js'
  ]
}
 ⨯ Error: Cannot find module '/app/.next/server/pages/_error.js'
Require stack:
- /app/node_modules/next/dist/server/require.js
- /app/node_modules/next/dist/server/next-server.js
- /app/node_modules/next/dist/server/next.js
- /app/node_modules/next/dist/server/lib/start-server.js
- /app/node_modules/next/dist/cli/next-start.js
    at Function.<anonymous> (node:internal/modules/cjs/loader:1383:15)
    at /app/node_modules/next/dist/server/require-hook.js:55:36
    at defaultResolveImpl (node:internal/modules/cjs/loader:1025:19)
    at resolveForCJSWithHooks (node:internal/modules/cjs/loader:1030:22)
    at Function._load (node:internal/modules/cjs/loader:1192:37)
    at TracingChannel.traceSync (node:diagnostics_channel:328:14)
    at wrapModuleLoad (node:internal/modules/cjs/loader:237:24)
    at Module.<anonymous> (node:internal/modules/cjs/loader:1463:12)
    at mod.require (/app/node_modules/next/dist/server/require-hook.js:65:28)
    at require (node:internal/modules/helpers:147:16) {
  code: 'MODULE_NOT_FOUND',
  requireStack: [
    '/app/node_modules/next/dist/server/require.js',
    '/app/node_modules/next/dist/server/next-server.js',
    '/app/node_modules/next/dist/server/next.js',
    '/app/node_modules/next/dist/server/lib/start-server.js',
    '/app/node_modules/next/dist/cli/next-start.js'
  ]
}
 ⨯ Error: Cannot find module '/app/.next/server/pages/_error.js'
Require stack:
- /app/node_modules/next/dist/server/require.js
- /app/node_modules/next/dist/server/next-server.js
- /app/node_modules/next/dist/server/next.js
- /app/node_modules/next/dist/server/lib/start-server.js
- /app/node_modules/next/dist/cli/next-start.js
    at Function.<anonymous> (node:internal/modules/cjs/loader:1383:15)
    at /app/node_modules/next/dist/server/require-hook.js:55:36
    at defaultResolveImpl (node:internal/modules/cjs/loader:1025:19)
    at resolveForCJSWithHooks (node:internal/modules/cjs/loader:1030:22)
    at Function._load (node:internal/modules/cjs/loader:1192:37)
    at TracingChannel.traceSync (node:diagnostics_channel:328:14)
    at wrapModuleLoad (node:internal/modules/cjs/loader:237:24)
    at Module.<anonymous> (node:internal/modules/cjs/loader:1463:12)
    at mod.require (/app/node_modules/next/dist/server/require-hook.js:65:28)
    at require (node:internal/modules/helpers:147:16) {
  code: 'MODULE_NOT_FOUND',
  requireStack: [
    '/app/node_modules/next/dist/server/require.js',
    '/app/node_modules/next/dist/server/next-server.js',
    '/app/node_modules/next/dist/server/next.js',
    '/app/node_modules/next/dist/server/lib/start-server.js',
    '/app/node_modules/next/dist/cli/next-start.js'
  ]
}
 ⨯ Error: Cannot find module '/app/.next/server/pages/_error.js'
Require stack:
- /app/node_modules/next/dist/server/require.js
- /app/node_modules/next/dist/server/next-server.js
- /app/node_modules/next/dist/server/next.js
- /app/node_modules/next/dist/server/lib/start-server.js
- /app/node_modules/next/dist/cli/next-start.js
    at Function.<anonymous> (node:internal/modules/cjs/loader:1383:15)
    at /app/node_modules/next/dist/server/require-hook.js:55:36
    at defaultResolveImpl (node:internal/modules/cjs/loader:1025:19)
    at resolveForCJSWithHooks (node:internal/modules/cjs/loader:1030:22)
    at Function._load (node:internal/modules/cjs/loader:1192:37)
    at TracingChannel.traceSync (node:diagnostics_channel:328:14)
    at wrapModuleLoad (node:internal/modules/cjs/loader:237:24)
    at Module.<anonymous> (node:internal/modules/cjs/loader:1463:12)
    at mod.require (/app/node_modules/next/dist/server/require-hook.js:65:28)
    at require (node:internal/modules/helpers:147:16) {
  code: 'MODULE_NOT_FOUND',
  requireStack: [
    '/app/node_modules/next/dist/server/require.js',
    '/app/node_modules/next/dist/server/next-server.js',
    '/app/node_modules/next/dist/server/next.js',
    '/app/node_modules/next/dist/server/lib/start-server.js',
    '/app/node_modules/next/dist/cli/next-start.js'
  ]
}
 ⨯ Error: Cannot find module '/app/.next/server/pages/_error.js'
Require stack:
- /app/node_modules/next/dist/server/require.js
- /app/node_modules/next/dist/server/next-server.js
- /app/node_modules/next/dist/server/next.js
- /app/node_modules/next/dist/server/lib/start-server.js
- /app/node_modules/next/dist/cli/next-start.js
    at Function.<anonymous> (node:internal/modules/cjs/loader:1383:15)
    at /app/node_modules/next/dist/server/require-hook.js:55:36
    at defaultResolveImpl (node:internal/modules/cjs/loader:1025:19)
    at resolveForCJSWithHooks (node:internal/modules/cjs/loader:1030:22)
    at Function._load (node:internal/modules/cjs/loader:1192:37)
    at TracingChannel.traceSync (node:diagnostics_channel:328:14)
    at wrapModuleLoad (node:internal/modules/cjs/loader:237:24)
    at Module.<anonymous> (node:internal/modules/cjs/loader:1463:12)
    at mod.require (/app/node_modules/next/dist/server/require-hook.js:65:28)
    at require (node:internal/modules/helpers:147:16) {
  code: 'MODULE_NOT_FOUND',
  requireStack: [
    '/app/node_modules/next/dist/server/require.js',
    '/app/node_modules/next/dist/server/next-server.js',
    '/app/node_modules/next/dist/server/next.js',
    '/app/node_modules/next/dist/server/lib/start-server.js',
    '/app/node_modules/next/dist/cli/next-start.js'
  ]
}
 ⨯ Error: Cannot find module '/app/.next/server/pages/_error.js'
Require stack:
- /app/node_modules/next/dist/server/require.js
- /app/node_modules/next/dist/server/next-server.js
- /app/node_modules/next/dist/server/next.js
- /app/node_modules/next/dist/server/lib/start-server.js
- /app/node_modules/next/dist/cli/next-start.js
    at Function.<anonymous> (node:internal/modules/cjs/loader:1383:15)
    at /app/node_modules/next/dist/server/require-hook.js:55:36
    at defaultResolveImpl (node:internal/modules/cjs/loader:1025:19)
    at resolveForCJSWithHooks (node:internal/modules/cjs/loader:1030:22)
    at Function._load (node:internal/modules/cjs/loader:1192:37)
    at TracingChannel.traceSync (node:diagnostics_channel:328:14)
    at wrapModuleLoad (node:internal/modules/cjs/loader:237:24)
    at Module.<anonymous> (node:internal/modules/cjs/loader:1463:12)
    at mod.require (/app/node_modules/next/dist/server/require-hook.js:65:28)
    at require (node:internal/modules/helpers:147:16) {
  code: 'MODULE_NOT_FOUND',
  requireStack: [
    '/app/node_modules/next/dist/server/require.js',
    '/app/node_modules/next/dist/server/next-server.js',
    '/app/node_modules/next/dist/server/next.js',
    '/app/node_modules/next/dist/server/lib/start-server.js',
    '/app/node_modules/next/dist/cli/next-start.js'
  ]
}
 ⨯ Error: Cannot find module '/app/.next/server/pages/_error.js'
Require stack:
- /app/node_modules/next/dist/server/require.js
- /app/node_modules/next/dist/server/next-server.js
- /app/node_modules/next/dist/server/next.js
- /app/node_modules/next/dist/server/lib/start-server.js
- /app/node_modules/next/dist/cli/next-start.js
    at Function.<anonymous> (node:internal/modules/cjs/loader:1383:15)
    at /app/node_modules/next/dist/server/require-hook.js:55:36
    at defaultResolveImpl (node:internal/modules/cjs/loader:1025:19)
    at resolveForCJSWithHooks (node:internal/modules/cjs/loader:1030:22)
    at Function._load (node:internal/modules/cjs/loader:1192:37)
    at TracingChannel.traceSync (node:diagnostics_channel:328:14)
    at wrapModuleLoad (node:internal/modules/cjs/loader:237:24)
    at Module.<anonymous> (node:internal/modules/cjs/loader:1463:12)
    at mod.require (/app/node_modules/next/dist/server/require-hook.js:65:28)
    at require (node:internal/modules/helpers:147:16) {
  code: 'MODULE_NOT_FOUND',
  requireStack: [
    '/app/node_modules/next/dist/server/require.js',
    '/app/node_modules/next/dist/server/next-server.js',
    '/app/node_modules/next/dist/server/next.js',
    '/app/node_modules/next/dist/server/lib/start-server.js',
    '/app/node_modules/next/dist/cli/next-start.js'
  ]
}
 ⨯ Error: Cannot find module '/app/.next/server/pages/_error.js'
Require stack:
- /app/node_modules/next/dist/server/require.js
- /app/node_modules/next/dist/server/next-server.js
- /app/node_modules/next/dist/server/next.js
- /app/node_modules/next/dist/server/lib/start-server.js
- /app/node_modules/next/dist/cli/next-start.js
    at Function.<anonymous> (node:internal/modules/cjs/loader:1383:15)
    at /app/node_modules/next/dist/server/require-hook.js:55:36
    at defaultResolveImpl (node:internal/modules/cjs/loader:1025:19)
    at resolveForCJSWithHooks (node:internal/modules/cjs/loader:1030:22)
    at Function._load (node:internal/modules/cjs/loader:1192:37)
    at TracingChannel.traceSync (node:diagnostics_channel:328:14)
    at wrapModuleLoad (node:internal/modules/cjs/loader:237:24)
    at Module.<anonymous> (node:internal/modules/cjs/loader:1463:12)
    at mod.require (/app/node_modules/next/dist/server/require-hook.js:65:28)
    at require (node:internal/modules/helpers:147:16) {
  code: 'MODULE_NOT_FOUND',
  requireStack: [
    '/app/node_modules/next/dist/server/require.js',
    '/app/node_modules/next/dist/server/next-server.js',
    '/app/node_modules/next/dist/server/next.js',
    '/app/node_modules/next/dist/server/lib/start-server.js',
    '/app/node_modules/next/dist/cli/next-start.js'
  ]
}
 ⨯ Error: Cannot find module '/app/.next/server/app/_not-found/page.js'
Require stack:
- /app/node_modules/next/dist/server/require.js
- /app/node_modules/next/dist/server/next-server.js
- /app/node_modules/next/dist/server/next.js
- /app/node_modules/next/dist/server/lib/start-server.js
- /app/node_modules/next/dist/cli/next-start.js
    at Function.<anonymous> (node:internal/modules/cjs/loader:1383:15)
    at /app/node_modules/next/dist/server/require-hook.js:55:36
    at defaultResolveImpl (node:internal/modules/cjs/loader:1025:19)
    at resolveForCJSWithHooks (node:internal/modules/cjs/loader:1030:22)
    at Function._load (node:internal/modules/cjs/loader:1192:37)
    at TracingChannel.traceSync (node:diagnostics_channel:328:14)
    at wrapModuleLoad (node:internal/modules/cjs/loader:237:24)
    at Module.<anonymous> (node:internal/modules/cjs/loader:1463:12)
    at mod.require (/app/node_modules/next/dist/server/require-hook.js:65:28)
    at require (node:internal/modules/helpers:147:16) {
  code: 'MODULE_NOT_FOUND',
  requireStack: [
    '/app/node_modules/next/dist/server/require.js',
    '/app/node_modules/next/dist/server/next-server.js',
    '/app/node_modules/next/dist/server/next.js',
    '/app/node_modules/next/dist/server/lib/start-server.js',
    '/app/node_modules/next/dist/cli/next-start.js'
  ]
}
